13:06:31.264 [main] INFO  testCases.TC001_AccountRegistration.RegisterUser(TC001_AccountRegistration.java:48)oggger - Account creation successful
13:06:31.277 [main] INFO  testCases.TC001_AccountRegistration.RegisterUser(TC001_AccountRegistration.java:66)oggger - **** Finished TC001_AccountRegistration ****
13:09:26.857 [main] DEBUG org.testng.log4testng.Logger.debug(Logger.java:82)oggger - suiteXmlPath: "D:\Automation\OpenCart_V1\crossBrowserTesting.xml"
13:10:38.168 [main] DEBUG org.testng.log4testng.Logger.debug(Logger.java:82)oggger - suiteXmlPath: "D:\Automation\OpenCart_V1\crossBrowserTesting.xml"
13:10:38.419 [main] INFO  org.testng.log4testng.Logger.info(Logger.java:112)oggger - [TestNG] Running:
  D:\Automation\OpenCart_V1\crossBrowserTesting.xml

13:10:40.982 [TestNG-tests-1] INFO  testCases.TC001_AccountRegistration.RegisterUser(TC001_AccountRegistration.java:17)oggger - **** Starting TC001_AccountRegistration ****
13:10:41.005 [TestNG-tests-1] INFO  testCases.TC001_AccountRegistration.RegisterUser(TC001_AccountRegistration.java:22)oggger - Clicked on 'My Account'
13:10:44.636 [TestNG-tests-2] INFO  testCases.TC001_AccountRegistration.RegisterUser(TC001_AccountRegistration.java:17)oggger - **** Starting TC001_AccountRegistration ****
13:10:44.637 [TestNG-tests-2] INFO  testCases.TC001_AccountRegistration.RegisterUser(TC001_AccountRegistration.java:22)oggger - Clicked on 'My Account'
13:11:38.179 [main] DEBUG org.testng.log4testng.Logger.debug(Logger.java:82)oggger - suiteXmlPath: "D:\Automation\OpenCart_V1\crossBrowserTesting.xml"
13:11:38.439 [main] INFO  org.testng.log4testng.Logger.info(Logger.java:112)oggger - [TestNG] Running:
  D:\Automation\OpenCart_V1\crossBrowserTesting.xml

13:11:41.436 [TestNG-tests-1] INFO  testCases.TC001_AccountRegistration.RegisterUser(TC001_AccountRegistration.java:17)oggger - **** Starting TC001_AccountRegistration ****
13:11:41.438 [TestNG-tests-2] INFO  testCases.TC001_AccountRegistration.RegisterUser(TC001_AccountRegistration.java:17)oggger - **** Starting TC001_AccountRegistration ****
13:11:41.455 [TestNG-tests-2] INFO  testCases.TC001_AccountRegistration.RegisterUser(TC001_AccountRegistration.java:22)oggger - Clicked on 'My Account'
13:11:41.456 [TestNG-tests-1] INFO  testCases.TC001_AccountRegistration.RegisterUser(TC001_AccountRegistration.java:22)oggger - Clicked on 'My Account'
13:12:08.787 [main] DEBUG org.testng.log4testng.Logger.debug(Logger.java:82)oggger - suiteXmlPath: "D:\Automation\OpenCart_V1\master.xml"
13:12:09.001 [main] INFO  org.testng.log4testng.Logger.info(Logger.java:112)oggger - [TestNG] Running:
  D:\Automation\OpenCart_V1\master.xml

13:12:10.812 [main] INFO  testCases.TC001_AccountRegistration.RegisterUser(TC001_AccountRegistration.java:17)oggger - **** Starting TC001_AccountRegistration ****
13:12:10.826 [main] INFO  testCases.TC001_AccountRegistration.RegisterUser(TC001_AccountRegistration.java:22)oggger - Clicked on 'My Account'
13:15:39.955 [main] DEBUG org.testng.log4testng.Logger.debug(Logger.java:82)oggger - suiteXmlPath: "D:\Automation\OpenCart_V1\master.xml"
13:15:40.167 [main] INFO  org.testng.log4testng.Logger.info(Logger.java:112)oggger - [TestNG] Running:
  D:\Automation\OpenCart_V1\master.xml

13:16:26.957 [main] DEBUG org.testng.log4testng.Logger.debug(Logger.java:82)oggger - suiteXmlPath: "D:\Automation\OpenCart_V1\master.xml"
13:16:27.168 [main] INFO  org.testng.log4testng.Logger.info(Logger.java:112)oggger - [TestNG] Running:
  D:\Automation\OpenCart_V1\master.xml

13:16:29.211 [main] INFO  testCases.TC001_AccountRegistration.RegisterUser(TC001_AccountRegistration.java:17)oggger - **** Starting TC001_AccountRegistration ****
13:16:29.227 [main] INFO  testCases.TC001_AccountRegistration.RegisterUser(TC001_AccountRegistration.java:22)oggger - Clicked on 'My Account'
13:19:47.509 [main] DEBUG org.testng.log4testng.Logger.debug(Logger.java:82)oggger - suiteXmlPath: "D:\Automation\OpenCart_V1\master.xml"
13:19:47.729 [main] INFO  org.testng.log4testng.Logger.info(Logger.java:112)oggger - [TestNG] Running:
  D:\Automation\OpenCart_V1\master.xml

13:19:49.578 [main] INFO  testCases.TC001_AccountRegistration.RegisterUser(TC001_AccountRegistration.java:17)oggger - **** Starting TC001_AccountRegistration ****
13:19:49.591 [main] INFO  testCases.TC001_AccountRegistration.RegisterUser(TC001_AccountRegistration.java:22)oggger - Clicked on 'My Account'
13:21:09.184 [main] DEBUG org.testng.log4testng.Logger.debug(Logger.java:82)oggger - suiteXmlPath: "D:\Automation\OpenCart_V1\master.xml"
13:21:09.403 [main] INFO  org.testng.log4testng.Logger.info(Logger.java:112)oggger - [TestNG] Running:
  D:\Automation\OpenCart_V1\master.xml

13:21:11.302 [main] INFO  testCases.TC001_AccountRegistration.RegisterUser(TC001_AccountRegistration.java:17)oggger - **** Starting TC001_AccountRegistration ****
13:21:11.318 [main] INFO  testCases.TC001_AccountRegistration.RegisterUser(TC001_AccountRegistration.java:22)oggger - Clicked on 'My Account'
